2012-03-14 17:11:44: /websites/selectech_6.3/daemons/batch_payroll_export.php - Enterprise: clearstar-qa (16); Client: BeavEx QA (11)
2012-03-14 17:11:44: Applications to be processed: 39, 42, 43, 44, 45, 46, 51, 110, 118, 131, 185
2012-03-14 17:12:48: /websites/selectech_6.3/daemons/batch_payroll_export.php - Enterprise: clearstar-qa (16); Client: BeavEx QA (11)
2012-03-14 17:12:48: Applications to be processed: 39, 42, 43, 44, 45, 46, 51, 110, 118, 131, 185
2012-03-14 17:15:45: /websites/selectech_6.3/daemons/batch_payroll_export.php - Enterprise: clearstar-qa (16); Client: BeavEx QA (11)
2012-03-14 17:15:45: Applications to be processed: 39, 42, 43, 44, 45, 46, 51, 110, 118, 131, 185
2012-03-14 17:15:45: Payroll Export (NewHire_Export_Handler_ADPCsvFtp) - Started
2012-03-14 17:15:45:  (NewHire_Export_Handler_ADPCsvFtp) - The file /selectech/enterprise/clearstar-qa/clients/beavex_qa/payroll_export/2012_03//EMP8XPBe.csv could NOT be placed on svr-ftp.ercdataplus.com. ftp_put() failed ( Attempt 1 )
2012-03-14 17:15:49:  (NewHire_Export_Handler_ADPCsvFtp) - The file /selectech/enterprise/clearstar-qa/clients/beavex_qa/payroll_export/2012_03//EMP8XPBe.csv could NOT be placed on svr-ftp.ercdataplus.com. ftp_put() failed ( Attempt 2 )
2012-03-14 17:15:53:  (NewHire_Export_Handler_ADPCsvFtp) - The file /selectech/enterprise/clearstar-qa/clients/beavex_qa/payroll_export/2012_03//EMP8XPBe.csv could NOT be placed on svr-ftp.ercdataplus.com. ftp_put() failed ( Attempt 3 )
2012-03-14 17:15:58:  (NewHire_Export_Handler_ADPCsvFtp) - The file /selectech/enterprise/clearstar-qa/clients/beavex_qa/payroll_export/2012_03//EMP8XPBe.csv could NOT be placed on svr-ftp.ercdataplus.com. ftp_put() failed ( Attempt 4 )
2012-03-14 17:16:02:  (NewHire_Export_Handler_ADPCsvFtp) - The file /selectech/enterprise/clearstar-qa/clients/beavex_qa/payroll_export/2012_03//EMP8XPBe.csv could NOT be placed on svr-ftp.ercdataplus.com. ftp_put() failed ( Attempt 5 )
2012-03-14 17:16:06: Payroll Export (NewHire_Export_Handler_ADPCsvFtp) - ERROR Encountered
2012-03-14 17:18:09: /websites/selectech_6.3/daemons/batch_payroll_export.php - Enterprise: clearstar-qa (16); Client: BeavEx QA (11)
2012-03-14 17:18:09: Applications to be processed: 39, 42, 43, 44, 45, 46, 51, 110, 118, 131, 185
2012-03-14 17:18:09: Payroll Export (NewHire_Export_Handler_ADPCsvFtp) - Started
2012-03-14 17:18:10:  (NewHire_Export_Handler_ADPCsvFtp) - The file /selectech/enterprise/clearstar-qa/clients/beavex_qa/payroll_export/2012_03//EMP8XPBe.csv could NOT be placed on svr-ftp.ercdataplus.com. ftp_put() failed ( Attempt 1 )
2012-03-14 17:18:14:  (NewHire_Export_Handler_ADPCsvFtp) - The file /selectech/enterprise/clearstar-qa/clients/beavex_qa/payroll_export/2012_03//EMP8XPBe.csv could NOT be placed on svr-ftp.ercdataplus.com. ftp_put() failed ( Attempt 2 )
2012-03-14 17:18:18:  (NewHire_Export_Handler_ADPCsvFtp) - The file /selectech/enterprise/clearstar-qa/clients/beavex_qa/payroll_export/2012_03//EMP8XPBe.csv could NOT be placed on svr-ftp.ercdataplus.com. ftp_put() failed ( Attempt 3 )
2012-03-14 17:19:53: /websites/selectech_6.3/daemons/batch_payroll_export.php - Enterprise: clearstar-qa (16); Client: BeavEx QA (11)
2012-03-14 17:19:53: Applications to be processed: 39, 42, 43, 44, 45, 46, 51, 110, 118, 131, 185
2012-03-14 17:19:53: Payroll Export (NewHire_Export_Handler_ADPCsvFtp) - Started
2012-03-14 17:19:54:  (NewHire_Export_Handler_ADPCsvFtp) - The file /selectech/enterprise/clearstar-qa/clients/beavex_qa/payroll_export/2012_03//EMP8XPBe.csv could NOT be placed on svr-ftp.ercdataplus.com. ftp_put() failed ( Attempt 1 )
2012-03-14 17:19:58:  (NewHire_Export_Handler_ADPCsvFtp) - The file /selectech/enterprise/clearstar-qa/clients/beavex_qa/payroll_export/2012_03//EMP8XPBe.csv could NOT be placed on svr-ftp.ercdataplus.com. ftp_put() failed ( Attempt 2 )
2012-03-14 17:21:59: /websites/selectech_6.3/daemons/batch_payroll_export.php - Enterprise: clearstar-qa (16); Client: BeavEx QA (11)
2012-03-14 17:21:59: Applications to be processed: 39, 42, 43, 44, 45, 46, 51, 110, 118, 131, 185
2012-03-14 17:21:59: Payroll Export (NewHire_Export_Handler_ADPCsvFtp) - Started
2012-03-14 17:22:00:  (NewHire_Export_Handler_ADPCsvFtp) - The file /selectech/enterprise/clearstar-qa/clients/beavex_qa/payroll_export/2012_03/EMP8XPBe.csv could NOT be placed on svr-ftp.ercdataplus.com. ftp_put() failed ( Attempt 1 )
2012-03-14 17:22:04:  (NewHire_Export_Handler_ADPCsvFtp) - The file /selectech/enterprise/clearstar-qa/clients/beavex_qa/payroll_export/2012_03/EMP8XPBe.csv could NOT be placed on svr-ftp.ercdataplus.com. ftp_put() failed ( Attempt 2 )
2012-03-14 17:22:52: /websites/selectech_6.3/daemons/batch_payroll_export.php - Enterprise: clearstar-qa (16); Client: BeavEx QA (11)
2012-03-14 17:22:52: Applications to be processed: 39, 42, 43, 44, 45, 46, 51, 110, 118, 131, 185
2012-03-14 17:22:52: Payroll Export (NewHire_Export_Handler_ADPCsvFtp) - Started
2012-03-14 17:22:53:  (NewHire_Export_Handler_ADPCsvFtp) - The file /selectech/enterprise/clearstar-qa/clients/beavex_qa/payroll_export/2012_03/EMP8XPBe.csv could NOT be placed on svr-ftp.ercdataplus.com. ftp_put() failed ( Attempt 1 )
2012-03-14 17:26:27: /websites/selectech_6.3/daemons/batch_payroll_export.php - Enterprise: clearstar-qa (16); Client: BeavEx QA (11)
2012-03-14 17:26:27: Applications to be processed: 39, 42, 43, 44, 45, 46, 51, 110, 118, 131, 185
2012-03-14 17:26:27: Payroll Export (NewHire_Export_Handler_ADPCsvFtp) - Started
2012-03-14 17:26:32:  (NewHire_Export_Handler_ADPCsvFtp) - The file /selectech/enterprise/clearstar-qa/clients/beavex_qa/payroll_export/2012_03/EMP8XPBe.csv has been successfully placed on svr-ftp.ercdataplus.com as EMP8XPBe.csv for user erctest ( Attempt 1 ).
2012-03-14 17:26:32: Payroll Export (NewHire_Export_Handler_ADPCsvFtp) - Successfully Completed
2012-03-14 17:26:32: Output Report (NewHire_Export_Handler_EmailAuditPdf) - Started
2012-03-14 17:26:32:  (NewHire_Export_Handler_EmailAuditPdf) - Export file  could not be opened.
2012-03-14 17:26:32: Output Report (NewHire_Export_Handler_EmailAuditPdf) - ERROR Encountered
2012-03-14 17:26:49: /websites/selectech_6.3/daemons/batch_payroll_export.php - Enterprise: clearstar-qa (16); Client: BeavEx QA (11)
2012-03-14 17:26:49: Applications to be processed: 39, 42, 43, 44, 45, 46, 51, 110, 118, 131, 185
2012-03-14 17:26:49: Payroll Export (NewHire_Export_Handler_ADPCsvFtp) - Started
2012-03-14 17:26:50:  (NewHire_Export_Handler_ADPCsvFtp) - The file /selectech/enterprise/clearstar-qa/clients/beavex_qa/payroll_export/2012_03/EMP8XPBe.csv has been successfully placed on svr-ftp.ercdataplus.com as EMP8XPBe.csv for user erctest ( Attempt 1 ).
2012-03-14 17:26:50: Payroll Export (NewHire_Export_Handler_ADPCsvFtp) - Successfully Completed
2012-03-14 17:26:50: Output Report (NewHire_Export_Handler_EmailAuditPdf) - Started
2012-03-14 17:26:50:  (NewHire_Export_Handler_EmailAuditPdf) - Export file  could not be opened.
2012-03-14 17:26:50: Output Report (NewHire_Export_Handler_EmailAuditPdf) - ERROR Encountered
2012-03-14 17:28:31: /websites/selectech_6.3/daemons/batch_payroll_export.php - Enterprise: clearstar-qa (16); Client: BeavEx QA (11)
2012-03-14 17:28:31: Applications to be processed: 39, 42, 43, 44, 45, 46, 51, 110, 118, 131, 185
2012-03-14 17:28:31: Payroll Export (NewHire_Export_Handler_ADPCsvFtp) - Started
2012-03-14 17:28:32:  (NewHire_Export_Handler_ADPCsvFtp) - The file /selectech/enterprise/clearstar-qa/clients/beavex_qa/payroll_export/2012_03/EMP8XPBe.csv has been successfully placed on svr-ftp.ercdataplus.com as EMP8XPBe.csv for user erctest ( Attempt 1 ).
2012-03-14 17:28:32: Payroll Export (NewHire_Export_Handler_ADPCsvFtp) - Successfully Completed
2012-03-14 17:28:32: Output Report (NewHire_Export_Handler_EmailAuditPdf) - Started
2012-03-14 17:28:32:  (NewHire_Export_Handler_EmailAuditPdf) - Export file  could not be opened.
2012-03-14 17:28:32: Output Report (NewHire_Export_Handler_EmailAuditPdf) - ERROR Encountered
2012-03-14 17:30:04: /websites/selectech_6.3/daemons/batch_payroll_export.php - Enterprise: clearstar-qa (16); Client: BeavEx QA (11)
2012-03-14 17:30:04: Applications to be processed: 39, 42, 43, 44, 45, 46, 51, 110, 118, 131, 185
2012-03-14 17:30:04: Payroll Export (NewHire_Export_Handler_ADPCsvFtp) - Started
2012-03-14 17:30:04:  (NewHire_Export_Handler_ADPCsvFtp) - The file /selectech/enterprise/clearstar-qa/clients/beavex_qa/payroll_export/2012_03/EMP8XPBe.csv has been successfully placed on svr-ftp.ercdataplus.com as EMP8XPBe.csv for user erctest ( Attempt 1 ).
2012-03-14 17:30:04: Payroll Export (NewHire_Export_Handler_ADPCsvFtp) - Successfully Completed
2012-03-14 17:30:04: Output Report (NewHire_Export_Handler_EmailAuditPdf) - Started
2012-03-14 17:34:39: /websites/selectech_6.3/daemons/batch_payroll_export.php - Enterprise: clearstar-qa (16); Client: BeavEx QA (11)
2012-03-14 17:34:39: Applications to be processed: 39, 42, 43, 44, 45, 46, 51, 110, 118, 131, 185
2012-03-14 17:34:39: Payroll Export (NewHire_Export_Handler_ADPCsvFtp) - Started
2012-03-14 17:34:40:  (NewHire_Export_Handler_ADPCsvFtp) - The file /selectech/enterprise/clearstar-qa/clients/beavex_qa/payroll_export/2012_03/EMP8XPBe.csv has been successfully placed on svr-ftp.ercdataplus.com as EMP8XPBe.csv for user erctest ( Attempt 1 ).
2012-03-14 17:34:40: Payroll Export (NewHire_Export_Handler_ADPCsvFtp) - Successfully Completed
2012-03-14 17:34:40: Output Report (NewHire_Export_Handler_EmailAuditPdf) - Started
2012-03-14 17:36:08: /websites/selectech_6.3/daemons/batch_payroll_export.php - Enterprise: clearstar-qa (16); Client: BeavEx QA (11)
2012-03-14 17:36:08: Applications to be processed: 39, 42, 43, 44, 45, 46, 51, 110, 118, 131, 185
2012-03-14 17:36:08: Payroll Export (NewHire_Export_Handler_ADPCsvFtp) - Started
2012-03-14 17:36:08:  (NewHire_Export_Handler_ADPCsvFtp) - The file /selectech/enterprise/clearstar-qa/clients/beavex_qa/payroll_export/2012_03/EMP8XPBe.csv has been successfully placed on svr-ftp.ercdataplus.com as EMP8XPBe.csv for user erctest ( Attempt 1 ).
2012-03-14 17:36:08: Payroll Export (NewHire_Export_Handler_ADPCsvFtp) - Successfully Completed
2012-03-14 17:36:08: Output Report (NewHire_Export_Handler_EmailAuditPdf) - Started
2012-03-14 17:37:24: /websites/selectech_6.3/daemons/batch_payroll_export.php - Enterprise: clearstar-qa (16); Client: BeavEx QA (11)
2012-03-14 17:37:24: Applications to be processed: 39, 42, 43, 44, 45, 46, 51, 110, 118, 131, 185
2012-03-14 17:37:24: Payroll Export (NewHire_Export_Handler_ADPCsvFtp) - Started
2012-03-14 17:37:25:  (NewHire_Export_Handler_ADPCsvFtp) - The file /selectech/enterprise/clearstar-qa/clients/beavex_qa/payroll_export/2012_03/EMP8XPBe.csv has been successfully placed on svr-ftp.ercdataplus.com as EMP8XPBe.csv for user erctest ( Attempt 1 ).
2012-03-14 17:37:25: Payroll Export (NewHire_Export_Handler_ADPCsvFtp) - Successfully Completed
2012-03-14 17:37:25: Output Report (NewHire_Export_Handler_EmailAuditPdf) - Started
2012-03-14 17:37:39: /websites/selectech_6.3/daemons/batch_payroll_export.php - Enterprise: clearstar-qa (16); Client: BeavEx QA (11)
2012-03-14 17:37:39: Applications to be processed: 39, 42, 43, 44, 45, 46, 51, 110, 118, 131, 185
2012-03-14 17:37:39: Payroll Export (NewHire_Export_Handler_ADPCsvFtp) - Started
2012-03-14 17:37:40:  (NewHire_Export_Handler_ADPCsvFtp) - The file /selectech/enterprise/clearstar-qa/clients/beavex_qa/payroll_export/2012_03/EMP8XPBe.csv has been successfully placed on svr-ftp.ercdataplus.com as EMP8XPBe.csv for user erctest ( Attempt 1 ).
2012-03-14 17:37:40: Payroll Export (NewHire_Export_Handler_ADPCsvFtp) - Successfully Completed
2012-03-14 17:37:40: Output Report (NewHire_Export_Handler_EmailAuditPdf) - Started
2012-03-14 17:38:24: /websites/selectech_6.3/daemons/batch_payroll_export.php - Enterprise: clearstar-qa (16); Client: BeavEx QA (11)
2012-03-14 17:38:24: Applications to be processed: 39, 42, 43, 44, 45, 46, 51, 110, 118, 131, 185
2012-03-14 17:38:24: Payroll Export (NewHire_Export_Handler_ADPCsvFtp) - Started
2012-03-14 17:38:24:  (NewHire_Export_Handler_ADPCsvFtp) - The file /selectech/enterprise/clearstar-qa/clients/beavex_qa/payroll_export/2012_03/EMP8XPBe.csv has been successfully placed on svr-ftp.ercdataplus.com as EMP8XPBe.csv for user erctest ( Attempt 1 ).
2012-03-14 17:38:24: Payroll Export (NewHire_Export_Handler_ADPCsvFtp) - Successfully Completed
2012-03-14 17:38:24: Output Report (NewHire_Export_Handler_EmailAuditPdf) - Started
2012-03-14 19:22:37: /websites/selectech_6.3/daemons/batch_payroll_export.php - Enterprise: clearstar-qa (16); Client: BeavEx QA (11)
2012-03-14 19:22:37: Applications to be processed: 39, 42, 43, 44, 45, 46, 51, 110, 118, 131, 185
2012-03-14 19:22:37: Payroll Export (NewHire_Export_Handler_ADPCsvFtp) - Started
2012-03-14 19:22:37:  (NewHire_Export_Handler_ADPCsvFtp) - The file /selectech/enterprise/clearstar-qa/clients/beavex_qa/payroll_export/2012_03/EMP8XPBe.csv has been successfully placed on svr-ftp.ercdataplus.com as EMP8XPBe.csv for user erctest ( Attempt 1 ).
2012-03-14 19:22:37: Payroll Export (NewHire_Export_Handler_ADPCsvFtp) - Successfully Completed
2012-03-14 19:22:37: Output Report (NewHire_Export_Handler_EmailAuditPdf) - Started
2012-03-14 19:23:17: /websites/selectech_6.3/daemons/batch_payroll_export.php - Enterprise: clearstar-qa (16); Client: BeavEx QA (11)
2012-03-14 19:23:17: Applications to be processed: 39, 42, 43, 44, 45, 46, 51, 110, 118, 131, 185
2012-03-14 19:23:17: Payroll Export (NewHire_Export_Handler_ADPCsvFtp) - Started
2012-03-14 19:23:17:  (NewHire_Export_Handler_ADPCsvFtp) - The file /selectech/enterprise/clearstar-qa/clients/beavex_qa/payroll_export/2012_03/EMP8XPBe.csv has been successfully placed on svr-ftp.ercdataplus.com as EMP8XPBe.csv for user erctest ( Attempt 1 ).
2012-03-14 19:23:17: Payroll Export (NewHire_Export_Handler_ADPCsvFtp) - Successfully Completed
2012-03-14 19:23:17: Output Report (NewHire_Export_Handler_EmailAuditPdf) - Started
2012-03-14 19:32:16: /websites/selectech_6.3/daemons/batch_payroll_export.php - Enterprise: clearstar-qa (16); Client: BeavEx QA (11)
2012-03-14 19:32:16: Applications to be processed: 39, 42, 43, 44, 45, 46, 51, 110, 118, 131, 185
2012-03-14 19:32:16: Payroll Export (NewHire_Export_Handler_ADPCsvFtp) - Started
2012-03-14 19:32:17:  (NewHire_Export_Handler_ADPCsvFtp) - The file /selectech/enterprise/clearstar-qa/clients/beavex_qa/payroll_export/2012_03/EMP8XPBe.csv has been successfully placed on svr-ftp.ercdataplus.com as EMP8XPBe.csv for user erctest ( Attempt 1 ).
2012-03-14 19:32:17: Payroll Export (NewHire_Export_Handler_ADPCsvFtp) - Successfully Completed
2012-03-14 19:32:17: Output Report (NewHire_Export_Handler_EmailAuditPdf) - Started
2012-03-14 19:32:17:  (NewHire_Export_Handler_EmailAuditPdf) - The file /selectech/enterprise/clearstar-qa/clients/beavex_qa/payroll_export/2012_03/2012_03_14_email_confirmation.pdf has been successfully emailed to debbie.flynn@ercdataplus.com
2012-03-14 19:32:17: Output Report (NewHire_Export_Handler_EmailAuditPdf) - Successfully Completed
2012-03-14 19:50:03: /websites/selectech_6.3/daemons/batch_payroll_export.php - Enterprise: clearstar-qa (16); Client: BeavEx QA (11)
2012-03-14 19:50:03: Applications to be processed: 186
2012-03-14 19:50:03: Payroll Export (NewHire_Export_Handler_ADPCsvFtp) - Started
2012-03-14 19:50:03:  (NewHire_Export_Handler_ADPCsvFtp) - The file /selectech/enterprise/clearstar-qa/clients/beavex_qa/payroll_export/2012_03/EMP8XPBe.csv has been successfully placed on svr-ftp.ercdataplus.com as EMP8XPBe.csv for user erctest ( Attempt 1 ).
2012-03-14 19:50:03: Payroll Export (NewHire_Export_Handler_ADPCsvFtp) - Successfully Completed
2012-03-14 19:50:03: Output Report (NewHire_Export_Handler_EmailAuditPdf) - Started
2012-03-14 19:51:37: /websites/selectech_6.3/daemons/batch_payroll_export.php - Enterprise: clearstar-qa (16); Client: BeavEx QA (11)
2012-03-14 19:51:37: Applications to be processed: 186
2012-03-14 19:51:37: Payroll Export (NewHire_Export_Handler_ADPCsvFtp) - Started
2012-03-14 19:51:37:  (NewHire_Export_Handler_ADPCsvFtp) - The file /selectech/enterprise/clearstar-qa/clients/beavex_qa/payroll_export/2012_03/EMP8XPBe.csv has been successfully placed on svr-ftp.ercdataplus.com as EMP8XPBe.csv for user erctest ( Attempt 1 ).
2012-03-14 19:51:37: Payroll Export (NewHire_Export_Handler_ADPCsvFtp) - Successfully Completed
2012-03-14 19:51:37: Output Report (NewHire_Export_Handler_EmailAuditPdf) - Started
2012-03-14 19:51:37:  (NewHire_Export_Handler_EmailAuditPdf) - The file /selectech/enterprise/clearstar-qa/clients/beavex_qa/payroll_export/2012_03/2012_03_14_email_confirmation.pdf has been successfully emailed to debbie.flynn@ercdataplus.com
2012-03-14 19:51:37: Output Report (NewHire_Export_Handler_EmailAuditPdf) - Successfully Completed
2012-03-14 20:09:52: /websites/selectech_6.3/daemons/batch_payroll_export.php - Enterprise: clearstar-qa (16); Client: BeavEx QA (11)
2012-03-14 20:09:52: Applications to be processed: 187
2012-03-14 20:09:52: Payroll Export (NewHire_Export_Handler_ADPCsvFtp) - Started
2012-03-14 20:09:52:  (NewHire_Export_Handler_ADPCsvFtp) - The file /selectech/enterprise/clearstar-qa/clients/beavex_qa/payroll_export/2012_03/EMP8XPBe.csv has been successfully placed on svr-ftp.ercdataplus.com as EMP8XPBe.csv for user erctest ( Attempt 1 ).
2012-03-14 20:09:52: Payroll Export (NewHire_Export_Handler_ADPCsvFtp) - Successfully Completed
2012-03-14 20:09:52: Output Report (NewHire_Export_Handler_EmailAuditPdf) - Started
2012-03-14 20:09:53:  (NewHire_Export_Handler_EmailAuditPdf) - The file /selectech/enterprise/clearstar-qa/clients/beavex_qa/payroll_export/2012_03/2012_03_14_email_confirmation.pdf has been successfully emailed to debbie.flynn@ercdataplus.com, debflynn@gmail.com
2012-03-14 20:09:53: Output Report (NewHire_Export_Handler_EmailAuditPdf) - Successfully Completed
2012-03-14 20:10:50: /websites/selectech_6.3/daemons/batch_payroll_export.php - Enterprise: clearstar-qa (16); Client: BeavEx QA (11)
2012-03-14 20:10:50: There are no applications to be processed
2012-03-14 20:13:19: /websites/selectech_6.3/daemons/batch_payroll_export.php - Enterprise: clearstar-qa (16); Client: BeavEx QA (11)
2012-03-14 20:13:19: Applications to be processed: 188
2012-03-14 20:13:19: Payroll Export (NewHire_Export_Handler_ADPCsvFtp) - Started
2012-03-14 20:13:19:  (NewHire_Export_Handler_ADPCsvFtp) - The file /selectech/enterprise/clearstar-qa/clients/beavex_qa/payroll_export/2012_03/EMP8XPBe.csv has been successfully placed on svr-ftp.ercdataplus.com as EMP8XPBe.csv for user erctest ( Attempt 1 ).
2012-03-14 20:13:19: Payroll Export (NewHire_Export_Handler_ADPCsvFtp) - Successfully Completed
2012-03-14 20:13:19: Output Report (NewHire_Export_Handler_EmailAuditPdf) - Started
2012-03-14 20:13:20:  (NewHire_Export_Handler_EmailAuditPdf) - The file /selectech/enterprise/clearstar-qa/clients/beavex_qa/payroll_export/2012_03/2012_03_14_email_confirmation.pdf has been successfully emailed to debbie.flynn@ercdataplus.com, debflynn@gmail.com
2012-03-14 20:13:20: Output Report (NewHire_Export_Handler_EmailAuditPdf) - Successfully Completed
